# JRE version: Java(TM) SE Runtime Environment (8.0_181-b13) (build 1.8.0_181-b13)
# Java VM: Java HotSpot(TM) 64-Bit Server VM (25.181-b13 mixed mode windows-amd64 compressed oops)
Heap:
 PSYoungGen      total 197120K, used 53861K [0x000000076b400000, 0x0000000779f00000, 0x00000007c0000000)
  eden space 184832K, 29% used [0x000000076b400000,0x000000076e8994b8,0x0000000776880000)
  from space 12288K, 0% used [0x0000000777480000,0x0000000777480000,0x0000000778080000)
  to   space 12288K, 0% used [0x0000000776880000,0x0000000776880000,0x0000000777480000)
 ParOldGen       total 127488K, used 9899K [0x00000006c1c00000, 0x00000006c9880000, 0x000000076b400000)
  object space 127488K, 7% used [0x00000006c1c00000,0x00000006c25aadd8,0x00000006c9880000)
 Metaspace       used 35916K, capacity 38768K, committed 38832K, reserved 1083392K
  class space    used 4793K, capacity 5284K, committed 5296K, reserved 1048576K
GC Heap History (10 events):
Event: 3.099 GC heap before
{Heap before GC invocations=4 (full 1):
 PSYoungGen      total 76288K, used 6268K [0x000000076b400000, 0x0000000774900000, 0x00000007c0000000)
  eden space 65536K, 0% used [0x000000076b400000,0x000000076b400000,0x000000076f400000)
  from space 10752K, 58% used [0x000000076f400000,0x000000076fa1f000,0x000000076fe80000)
  to   space 10752K, 0% used [0x0000000773e80000,0x0000000773e80000,0x0000000774900000)
 ParOldGen       total 175104K, used 40K [0x00000006c1c00000, 0x00000006cc700000, 0x000000076b400000)
  object space 175104K, 0% used [0x00000006c1c00000,0x00000006c1c0a000,0x00000006cc700000)
 Metaspace       used 19663K, capacity 21226K, committed 21296K, reserved 1067008K
  class space    used 2535K, capacity 2829K, committed 2864K, reserved 1048576K
Event: 3.132 GC heap after
Heap after GC invocations=4 (full 1):
 PSYoungGen      total 76288K, used 0K [0x000000076b400000, 0x0000000774900000, 0x00000007c0000000)
  eden space 65536K, 0% used [0x000000076b400000,0x000000076b400000,0x000000076f400000)
  from space 10752K, 0% used [0x000000076f400000,0x000000076f400000,0x000000076fe80000)
  to   space 10752K, 0% used [0x0000000773e80000,0x0000000773e80000,0x0000000774900000)
 ParOldGen       total 91648K, used 6063K [0x00000006c1c00000, 0x00000006c7580000, 0x000000076b400000)
  object space 91648K, 6% used [0x00000006c1c00000,0x00000006c21ebe50,0x00000006c7580000)
 Metaspace       used 19663K, capacity 21226K, committed 21296K, reserved 1067008K
  class space    used 2535K, capacity 2829K, committed 2864K, reserved 1048576K
}
Event: 3.570 GC heap before
{Heap before GC invocations=5 (full 1):
 PSYoungGen      total 76288K, used 65536K [0x000000076b400000, 0x0000000774900000, 0x00000007c0000000)
  eden space 65536K, 100% used [0x000000076b400000,0x000000076f400000,0x000000076f400000)
  from space 10752K, 0% used [0x000000076f400000,0x000000076f400000,0x000000076fe80000)
  to   space 10752K, 0% used [0x0000000773e80000,0x0000000773e80000,0x0000000774900000)
 ParOldGen       total 91648K, used 6063K [0x00000006c1c00000, 0x00000006c7580000, 0x000000076b400000)
  object space 91648K, 6% used [0x00000006c1c00000,0x00000006c21ebe50,0x00000006c7580000)
 Metaspace       used 24083K, capacity 25804K, committed 26032K, reserved 1071104K
  class space    used 3122K, capacity 3464K, committed 3504K, reserved 1048576K
Event: 3.581 GC heap after
Heap after GC invocations=5 (full 1):
 PSYoungGen      total 118272K, used 6187K [0x000000076b400000, 0x0000000774500000, 0x00000007c0000000)
  eden space 111616K, 0% used [0x000000076b400000,0x000000076b400000,0x0000000772100000)
  from space 6656K, 92% used [0x0000000773e80000,0x000000077448afe8,0x0000000774500000)
  to   space 10752K, 0% used [0x0000000773000000,0x0000000773000000,0x0000000773a80000)
 ParOldGen       total 91648K, used 6071K [0x00000006c1c00000, 0x00000006c7580000, 0x000000076b400000)
  object space 91648K, 6% used [0x00000006c1c00000,0x00000006c21ede50,0x00000006c7580000)
 Metaspace       used 24083K, capacity 25804K, committed 26032K, reserved 1071104K
  class space    used 3122K, capacity 3464K, committed 3504K, reserved 1048576K
}
Event: 5.225 GC heap before
{Heap before GC invocations=6 (full 1):
 PSYoungGen      total 118272K, used 117803K [0x000000076b400000, 0x0000000774500000, 0x00000007c0000000)
  eden space 111616K, 100% used [0x000000076b400000,0x0000000772100000,0x0000000772100000)
  from space 6656K, 92% used [0x0000000773e80000,0x000000077448afe8,0x0000000774500000)
  to   space 10752K, 0% used [0x0000000773000000,0x0000000773000000,0x0000000773a80000)
 ParOldGen       total 91648K, used 6071K [0x00000006c1c00000, 0x00000006c7580000, 0x000000076b400000)
  object space 91648K, 6% used [0x00000006c1c00000,0x00000006c21ede50,0x00000006c7580000)
 Metaspace       used 32284K, capacity 34550K, committed 34736K, reserved 1079296K
  class space    used 4309K, capacity 4727K, committed 4784K, reserved 1048576K
Event: 5.237 GC heap after
Heap after GC invocations=6 (full 1):
 PSYoungGen      total 137728K, used 10750K [0x000000076b400000, 0x0000000778080000, 0x00000007c0000000)
  eden space 126976K, 0% used [0x000000076b400000,0x000000076b400000,0x0000000773000000)
  from space 10752K, 99% used [0x0000000773000000,0x0000000773a7fac8,0x0000000773a80000)
  to   space 12288K, 0% used [0x0000000777480000,0x0000000777480000,0x0000000778080000)
 ParOldGen       total 91648K, used 7159K [0x00000006c1c00000, 0x00000006c7580000, 0x000000076b400000)
  object space 91648K, 7% used [0x00000006c1c00000,0x00000006c22fdd18,0x00000006c7580000)
 Metaspace       used 32284K, capacity 34550K, committed 34736K, reserved 1079296K
  class space    used 4309K, capacity 4727K, committed 4784K, reserved 1048576K
}
Event: 5.359 GC heap before
{Heap before GC invocations=7 (full 1):
 PSYoungGen      total 137728K, used 20996K [0x000000076b400000, 0x0000000778080000, 0x00000007c0000000)
  eden space 126976K, 8% used [0x000000076b400000,0x000000076be018e0,0x0000000773000000)
  from space 10752K, 99% used [0x0000000773000000,0x0000000773a7fac8,0x0000000773a80000)
  to   space 12288K, 0% used [0x0000000777480000,0x0000000777480000,0x0000000778080000)
 ParOldGen       total 91648K, used 7159K [0x00000006c1c00000, 0x00000006c7580000, 0x000000076b400000)
  object space 91648K, 7% used [0x00000006c1c00000,0x00000006c22fdd18,0x00000006c7580000)
 Metaspace       used 33078K, capacity 35382K, committed 35496K, reserved 1079296K
  class space    used 4422K, capacity 4859K, committed 4912K, reserved 1048576K
Event: 5.365 GC heap after
Heap after GC invocations=7 (full 1):
 PSYoungGen      total 197120K, used 5359K [0x000000076b400000, 0x0000000779f00000, 0x00000007c0000000)
  eden space 184832K, 0% used [0x000000076b400000,0x000000076b400000,0x0000000776880000)
  from space 12288K, 43% used [0x0000000777480000,0x00000007779bbdd0,0x0000000778080000)
  to   space 12288K, 0% used [0x0000000776880000,0x0000000776880000,0x0000000777480000)
 ParOldGen       total 91648K, used 7167K [0x00000006c1c00000, 0x00000006c7580000, 0x000000076b400000)
  object space 91648K, 7% used [0x00000006c1c00000,0x00000006c22ffd18,0x00000006c7580000)
 Metaspace       used 33078K, capacity 35382K, committed 35496K, reserved 1079296K
  class space    used 4422K, capacity 4859K, committed 4912K, reserved 1048576K
}
Event: 5.365 GC heap before
{Heap before GC invocations=8 (full 2):
 PSYoungGen      total 197120K, used 5359K [0x000000076b400000, 0x0000000779f00000, 0x00000007c0000000)
  eden space 184832K, 0% used [0x000000076b400000,0x000000076b400000,0x0000000776880000)
  from space 12288K, 43% used [0x0000000777480000,0x00000007779bbdd0,0x0000000778080000)
  to   space 12288K, 0% used [0x0000000776880000,0x0000000776880000,0x0000000777480000)
 ParOldGen       total 91648K, used 7167K [0x00000006c1c00000, 0x00000006c7580000, 0x000000076b400000)
  object space 91648K, 7% used [0x00000006c1c00000,0x00000006c22ffd18,0x00000006c7580000)
 Metaspace       used 33078K, capacity 35382K, committed 35496K, reserved 1079296K
  class space    used 4422K, capacity 4859K, committed 4912K, reserved 1048576K
Event: 5.404 GC heap after
Heap after GC invocations=8 (full 2):
 PSYoungGen      total 197120K, used 0K [0x000000076b400000, 0x0000000779f00000, 0x00000007c0000000)
  eden space 184832K, 0% used [0x000000076b400000,0x000000076b400000,0x0000000776880000)
  from space 12288K, 0% used [0x0000000777480000,0x0000000777480000,0x0000000778080000)
  to   space 12288K, 0% used [0x0000000776880000,0x0000000776880000,0x0000000777480000)
 ParOldGen       total 127488K, used 9899K [0x00000006c1c00000, 0x00000006c9880000, 0x000000076b400000)
  object space 127488K, 7% used [0x00000006c1c00000,0x00000006c25aadd8,0x00000006c9880000)
 Metaspace       used 33078K, capacity 35382K, committed 35496K, reserved 1079296K
  class space    used 4422K, capacity 4859K, committed 4912K, reserved 1048576K
}

